CRITICAL - 2022-08-04 02:33:20 --> Undefined index: pengawal
in APPPATH\Views\pendidikan\viewdata.php on line 41.
 1 APPPATH\Views\pendidikan\viewdata.php(41): CodeIgniter\Debug\Exceptions->errorHandler(8, 'Undefined index: pengawal', 'APPPATH\\Views\\pendidikan\\viewdata.php', 41, [...])
 2 SYSTEMPATH\View\View.php(213): include('APPPATH\\Views\\pendidikan\\viewdata.php')
 3 SYSTEMPATH\View\View.php(216): CodeIgniter\View\View->CodeIgniter\View\{closure}()
 4 SYSTEMPATH\Common.php(1135): CodeIgniter\View\View->render('pendidikan/viewdata', [], true)
 5 APPPATH\Controllers\Pendidikan.php(20): view('pendidikan/viewdata', [...])
 6 SYSTEMPATH\CodeIgniter.php(896): App\Controllers\Pendidikan->index()
 7 SYSTEMPATH\CodeIgniter.php(466): CodeIgniter\CodeIgniter->runController(Object(App\Controllers\Pendidikan))
 8 SYSTEMPATH\CodeIgniter.php(349): CodeIgniter\CodeIgniter->handleRequest(null, Object(Config\Cache), false)
 9 FCPATH\index.php(55): CodeIgniter\CodeIgniter->run()
CRITICAL - 2022-08-04 02:33:28 --> Undefined index: penawal
in APPPATH\Views\pendidikan\viewdata.php on line 41.
 1 APPPATH\Views\pendidikan\viewdata.php(41): CodeIgniter\Debug\Exceptions->errorHandler(8, 'Undefined index: penawal', 'APPPATH\\Views\\pendidikan\\viewdata.php', 41, [...])
 2 SYSTEMPATH\View\View.php(213): include('APPPATH\\Views\\pendidikan\\viewdata.php')
 3 SYSTEMPATH\View\View.php(216): CodeIgniter\View\View->CodeIgniter\View\{closure}()
 4 SYSTEMPATH\Common.php(1135): CodeIgniter\View\View->render('pendidikan/viewdata', [], true)
 5 APPPATH\Controllers\Pendidikan.php(20): view('pendidikan/viewdata', [...])
 6 SYSTEMPATH\CodeIgniter.php(896): App\Controllers\Pendidikan->index()
 7 SYSTEMPATH\CodeIgniter.php(466): CodeIgniter\CodeIgniter->runController(Object(App\Controllers\Pendidikan))
 8 SYSTEMPATH\CodeIgniter.php(349): CodeIgniter\CodeIgniter->handleRequest(null, Object(Config\Cache), false)
 9 FCPATH\index.php(55): CodeIgniter\CodeIgniter->run()
CRITICAL - 2022-08-04 02:33:44 --> Undefined index: penawal
in APPPATH\Views\pendidikan\viewdata.php on line 41.
 1 APPPATH\Views\pendidikan\viewdata.php(41): CodeIgniter\Debug\Exceptions->errorHandler(8, 'Undefined index: penawal', 'APPPATH\\Views\\pendidikan\\viewdata.php', 41, [...])
 2 SYSTEMPATH\View\View.php(213): include('APPPATH\\Views\\pendidikan\\viewdata.php')
 3 SYSTEMPATH\View\View.php(216): CodeIgniter\View\View->CodeIgniter\View\{closure}()
 4 SYSTEMPATH\Common.php(1135): CodeIgniter\View\View->render('pendidikan/viewdata', [], true)
 5 APPPATH\Controllers\Pendidikan.php(20): view('pendidikan/viewdata', [...])
 6 SYSTEMPATH\CodeIgniter.php(896): App\Controllers\Pendidikan->index()
 7 SYSTEMPATH\CodeIgniter.php(466): CodeIgniter\CodeIgniter->runController(Object(App\Controllers\Pendidikan))
 8 SYSTEMPATH\CodeIgniter.php(349): CodeIgniter\CodeIgniter->handleRequest(null, Object(Config\Cache), false)
 9 FCPATH\index.php(55): CodeIgniter\CodeIgniter->run()
CRITICAL - 2022-08-04 02:33:58 --> Undefined index: pengid
in APPPATH\Views\pendidikan\viewdata.php on line 42.
 1 APPPATH\Views\pendidikan\viewdata.php(42): CodeIgniter\Debug\Exceptions->errorHandler(8, 'Undefined index: pengid', 'APPPATH\\Views\\pendidikan\\viewdata.php', 42, [...])
 2 SYSTEMPATH\View\View.php(213): include('APPPATH\\Views\\pendidikan\\viewdata.php')
 3 SYSTEMPATH\View\View.php(216): CodeIgniter\View\View->CodeIgniter\View\{closure}()
 4 SYSTEMPATH\Common.php(1135): CodeIgniter\View\View->render('pendidikan/viewdata', [], true)
 5 APPPATH\Controllers\Pendidikan.php(20): view('pendidikan/viewdata', [...])
 6 SYSTEMPATH\CodeIgniter.php(896): App\Controllers\Pendidikan->index()
 7 SYSTEMPATH\CodeIgniter.php(466): CodeIgniter\CodeIgniter->runController(Object(App\Controllers\Pendidikan))
 8 SYSTEMPATH\CodeIgniter.php(349): CodeIgniter\CodeIgniter->handleRequest(null, Object(Config\Cache), false)
 9 FCPATH\index.php(55): CodeIgniter\CodeIgniter->run()
CRITICAL - 2022-08-04 02:33:59 --> Undefined index: pengid
in APPPATH\Views\pendidikan\viewdata.php on line 42.
 1 APPPATH\Views\pendidikan\viewdata.php(42): CodeIgniter\Debug\Exceptions->errorHandler(8, 'Undefined index: pengid', 'APPPATH\\Views\\pendidikan\\viewdata.php', 42, [...])
 2 SYSTEMPATH\View\View.php(213): include('APPPATH\\Views\\pendidikan\\viewdata.php')
 3 SYSTEMPATH\View\View.php(216): CodeIgniter\View\View->CodeIgniter\View\{closure}()
 4 SYSTEMPATH\Common.php(1135): CodeIgniter\View\View->render('pendidikan/viewdata', [], true)
 5 APPPATH\Controllers\Pendidikan.php(20): view('pendidikan/viewdata', [...])
 6 SYSTEMPATH\CodeIgniter.php(896): App\Controllers\Pendidikan->index()
 7 SYSTEMPATH\CodeIgniter.php(466): CodeIgniter\CodeIgniter->runController(Object(App\Controllers\Pendidikan))
 8 SYSTEMPATH\CodeIgniter.php(349): CodeIgniter\CodeIgniter->handleRequest(null, Object(Config\Cache), false)
 9 FCPATH\index.php(55): CodeIgniter\CodeIgniter->run()
CRITICAL - 2022-08-04 02:34:00 --> Undefined index: pengid
in APPPATH\Views\pendidikan\viewdata.php on line 42.
 1 APPPATH\Views\pendidikan\viewdata.php(42): CodeIgniter\Debug\Exceptions->errorHandler(8, 'Undefined index: pengid', 'APPPATH\\Views\\pendidikan\\viewdata.php', 42, [...])
 2 SYSTEMPATH\View\View.php(213): include('APPPATH\\Views\\pendidikan\\viewdata.php')
 3 SYSTEMPATH\View\View.php(216): CodeIgniter\View\View->CodeIgniter\View\{closure}()
 4 SYSTEMPATH\Common.php(1135): CodeIgniter\View\View->render('pendidikan/viewdata', [], true)
 5 APPPATH\Controllers\Pendidikan.php(20): view('pendidikan/viewdata', [...])
 6 SYSTEMPATH\CodeIgniter.php(896): App\Controllers\Pendidikan->index()
 7 SYSTEMPATH\CodeIgniter.php(466): CodeIgniter\CodeIgniter->runController(Object(App\Controllers\Pendidikan))
 8 SYSTEMPATH\CodeIgniter.php(349): CodeIgniter\CodeIgniter->handleRequest(null, Object(Config\Cache), false)
 9 FCPATH\index.php(55): CodeIgniter\CodeIgniter->run()
CRITICAL - 2022-08-04 02:37:08 --> Invalid file: pendidikan/modaldetail.php
in SYSTEMPATH\Exceptions\FrameworkException.php on line 33.
 1 SYSTEMPATH\View\View.php(201): CodeIgniter\Exceptions\FrameworkException::forInvalidFile('pendidikan/modaldetail.php')
 2 SYSTEMPATH\Common.php(1135): CodeIgniter\View\View->render('pendidikan/modaldetail', [], true)
 3 APPPATH\Controllers\Pendidikan.php(45): view('pendidikan/modaldetail', [...])
 4 SYSTEMPATH\CodeIgniter.php(896): App\Controllers\Pendidikan->pendidikandetail('1')
 5 SYSTEMPATH\CodeIgniter.php(466): CodeIgniter\CodeIgniter->runController(Object(App\Controllers\Pendidikan))
 6 SYSTEMPATH\CodeIgniter.php(349): CodeIgniter\CodeIgniter->handleRequest(null, Object(Config\Cache), false)
 7 FCPATH\index.php(55): CodeIgniter\CodeIgniter->run()
CRITICAL - 2022-08-04 02:38:04 --> Undefined variable: rowdetail
in APPPATH\Views\pendidikan\modaldetail.php on line 7.
 1 APPPATH\Views\pendidikan\modaldetail.php(7): CodeIgniter\Debug\Exceptions->errorHandler(8, 'Undefined variable: rowdetail', 'APPPATH\\Views\\pendidikan\\modaldetail.php', 7, [...])
 2 SYSTEMPATH\View\View.php(213): include('APPPATH\\Views\\pendidikan\\modaldetail.php')
 3 SYSTEMPATH\View\View.php(216): CodeIgniter\View\View->CodeIgniter\View\{closure}()
 4 SYSTEMPATH\Common.php(1135): CodeIgniter\View\View->render('pendidikan/modaldetail', [], true)
 5 APPPATH\Controllers\Pendidikan.php(45): view('pendidikan/modaldetail', [...])
 6 SYSTEMPATH\CodeIgniter.php(896): App\Controllers\Pendidikan->pendidikandetail('3')
 7 SYSTEMPATH\CodeIgniter.php(466): CodeIgniter\CodeIgniter->runController(Object(App\Controllers\Pendidikan))
 8 SYSTEMPATH\CodeIgniter.php(349): CodeIgniter\CodeIgniter->handleRequest(null, Object(Config\Cache), false)
 9 FCPATH\index.php(55): CodeIgniter\CodeIgniter->run()
CRITICAL - 2022-08-04 02:38:07 --> Undefined variable: rowdetail
in APPPATH\Views\pendidikan\modaldetail.php on line 7.
 1 APPPATH\Views\pendidikan\modaldetail.php(7): CodeIgniter\Debug\Exceptions->errorHandler(8, 'Undefined variable: rowdetail', 'APPPATH\\Views\\pendidikan\\modaldetail.php', 7, [...])
 2 SYSTEMPATH\View\View.php(213): include('APPPATH\\Views\\pendidikan\\modaldetail.php')
 3 SYSTEMPATH\View\View.php(216): CodeIgniter\View\View->CodeIgniter\View\{closure}()
 4 SYSTEMPATH\Common.php(1135): CodeIgniter\View\View->render('pendidikan/modaldetail', [], true)
 5 APPPATH\Controllers\Pendidikan.php(45): view('pendidikan/modaldetail', [...])
 6 SYSTEMPATH\CodeIgniter.php(896): App\Controllers\Pendidikan->pendidikandetail('3')
 7 SYSTEMPATH\CodeIgniter.php(466): CodeIgniter\CodeIgniter->runController(Object(App\Controllers\Pendidikan))
 8 SYSTEMPATH\CodeIgniter.php(349): CodeIgniter\CodeIgniter->handleRequest(null, Object(Config\Cache), false)
 9 FCPATH\index.php(55): CodeIgniter\CodeIgniter->run()
CRITICAL - 2022-08-04 02:38:52 --> Undefined variable: rowdetail
in APPPATH\Views\pendidikan\modaldetail.php on line 7.
 1 APPPATH\Views\pendidikan\modaldetail.php(7): CodeIgniter\Debug\Exceptions->errorHandler(8, 'Undefined variable: rowdetail', 'APPPATH\\Views\\pendidikan\\modaldetail.php', 7, [...])
 2 SYSTEMPATH\View\View.php(213): include('APPPATH\\Views\\pendidikan\\modaldetail.php')
 3 SYSTEMPATH\View\View.php(216): CodeIgniter\View\View->CodeIgniter\View\{closure}()
 4 SYSTEMPATH\Common.php(1135): CodeIgniter\View\View->render('pendidikan/modaldetail', [], true)
 5 APPPATH\Controllers\Pendidikan.php(45): view('pendidikan/modaldetail', [...])
 6 SYSTEMPATH\CodeIgniter.php(896): App\Controllers\Pendidikan->pendidikandetail('3')
 7 SYSTEMPATH\CodeIgniter.php(466): CodeIgniter\CodeIgniter->runController(Object(App\Controllers\Pendidikan))
 8 SYSTEMPATH\CodeIgniter.php(349): CodeIgniter\CodeIgniter->handleRequest(null, Object(Config\Cache), false)
 9 FCPATH\index.php(55): CodeIgniter\CodeIgniter->run()
CRITICAL - 2022-08-04 03:16:43 --> Undefined variable: link
in APPPATH\Views\main\layout.php on line 107.
 1 APPPATH\Views\main\layout.php(107): CodeIgniter\Debug\Exceptions->errorHandler(8, 'Undefined variable: link', 'APPPATH\\Views\\main\\layout.php', 107, [...])
 2 SYSTEMPATH\View\View.php(213): include('APPPATH\\Views\\main\\layout.php')
 3 SYSTEMPATH\View\View.php(216): CodeIgniter\View\View->CodeIgniter\View\{closure}()
 4 SYSTEMPATH\View\View.php(229): CodeIgniter\View\View->render('main/layout', [], true)
 5 SYSTEMPATH\Common.php(1135): CodeIgniter\View\View->render('main/dashboard', [], true)
 6 APPPATH\Controllers\Main.php(26): view('main/dashboard', [...])
 7 SYSTEMPATH\CodeIgniter.php(896): App\Controllers\Main->dashboard()
 8 SYSTEMPATH\CodeIgniter.php(466): CodeIgniter\CodeIgniter->runController(Object(App\Controllers\Main))
 9 SYSTEMPATH\CodeIgniter.php(349): CodeIgniter\CodeIgniter->handleRequest(null, Object(Config\Cache), false)
10 FCPATH\index.php(55): CodeIgniter\CodeIgniter->run()
